<?xml version="1.0" encoding="UTF-8"?>
<testng-results ignored="0" total="1" passed="1" failed="0" skipped="0">
  <reporter-output>
  </reporter-output>
  <suite started-at="2025-11-12T12:51:58 IST" name="Suite" finished-at="2025-11-12T12:52:05 IST" duration-ms="7396">
    <groups>
    </groups>
    <test started-at="2025-11-12T12:51:58 IST" name="Test" finished-at="2025-11-12T12:52:05 IST" duration-ms="7396">
      <class name="vendorTestcaseExecution.vendorsigninExecustionclass">
        <test-method is-config="true" signature="setup()[pri:0, instance:vendorTestcaseExecution.vendorsigninExecustionclass@44ebcd03]" started-at="2025-11-12T12:51:58 IST" name="setup" finished-at="2025-11-12T12:52:04 IST" duration-ms="6657" status="PASS">
          <reporter-output>
          </reporter-output>
        </test-method> <!-- setup -->
        <test-method signature="opssignin()[pri:0, instance:vendorTestcaseExecution.vendorsigninExecustionclass@44ebcd03]" started-at="2025-11-12T12:52:04 IST" name="opssignin" finished-at="2025-11-12T12:52:05 IST" duration-ms="601" status="PASS">
          <reporter-output>
          </reporter-output>
        </test-method> <!-- opssignin -->
        <test-method is-config="true" signature="tear(org.testng.ITestResult)[pri:0, instance:vendorTestcaseExecution.vendorsigninExecustionclass@44ebcd03]" started-at="2025-11-12T12:52:05 IST" name="tear" finished-at="2025-11-12T12:52:05 IST" duration-ms="88" status="PASS">
          <params>
            <param index="0">
              <value>
                <![CDATA[[TestResult name=opssignin status=SUCCESS method=vendorsigninExecustionclass.opssignin()[pri:0, instance:vendorTestcaseExecution.vendorsigninExecustionclass@44ebcd03] output={null}]]]>
              </value>
            </param>
          </params>
          <reporter-output>
          </reporter-output>
        </test-method> <!-- tear -->
      </class> <!-- vendorTestcaseExecution.vendorsigninExecustionclass -->
    </test> <!-- Test -->
  </suite> <!-- Suite -->
</testng-results>
