<?xml version="1.0" encoding="UTF-8"?>
<testng-results ignored="0" total="1" passed="1" failed="0" skipped="0">
  <reporter-output>
  </reporter-output>
  <suite started-at="2025-11-01T15:44:44 IST" name="Default suite" finished-at="2025-11-01T15:44:58 IST" duration-ms="14042">
    <groups>
    </groups>
    <test started-at="2025-11-01T15:44:44 IST" name="Default test" finished-at="2025-11-01T15:44:58 IST" duration-ms="14042">
      <class name="vendorTestcaseExecution.vendorQAreportlistExecutionclass">
        <test-method is-config="true" signature="setup()[pri:0, instance:vendorTestcaseExecution.vendorQAreportlistExecutionclass@43c1b556]" started-at="2025-11-01T15:44:44 IST" name="setup" finished-at="2025-11-01T15:44:49 IST" duration-ms="5644" status="PASS">
          <reporter-output>
          </reporter-output>
        </test-method> <!-- setup -->
        <test-method signature="vendorQAreportlistpage()[pri:0, instance:vendorTestcaseExecution.vendorQAreportlistExecutionclass@43c1b556]" started-at="2025-11-01T15:44:49 IST" name="vendorQAreportlistpage" finished-at="2025-11-01T15:44:57 IST" duration-ms="8053" status="PASS">
          <reporter-output>
          </reporter-output>
        </test-method> <!-- vendorQAreportlistpage -->
        <test-method is-config="true" signature="tear(org.testng.ITestResult)[pri:0, instance:vendorTestcaseExecution.vendorQAreportlistExecutionclass@43c1b556]" started-at="2025-11-01T15:44:57 IST" name="tear" finished-at="2025-11-01T15:44:58 IST" duration-ms="265" status="PASS">
          <params>
            <param index="0">
              <value>
                <![CDATA[[TestResult name=vendorQAreportlistpage status=SUCCESS method=vendorQAreportlistExecutionclass.vendorQAreportlistpage()[pri:0, instance:vendorTestcaseExecution.vendorQAreportlistExecutionclass@43c1b556] output={null}]]]>
              </value>
            </param>
          </params>
          <reporter-output>
          </reporter-output>
        </test-method> <!-- tear -->
      </class> <!-- vendorTestcaseExecution.vendorQAreportlistExecutionclass -->
    </test> <!-- Default test -->
  </suite> <!-- Default suite -->
</testng-results>
