<?xml version="1.0" encoding="UTF-8"?>
<testng-results ignored="0" total="1" passed="1" failed="0" skipped="0">
  <reporter-output>
  </reporter-output>
  <suite started-at="2025-10-31T17:16:00 IST" name="Default suite" finished-at="2025-10-31T17:16:18 IST" duration-ms="17919">
    <groups>
    </groups>
    <test started-at="2025-10-31T17:16:00 IST" name="Default test" finished-at="2025-10-31T17:16:18 IST" duration-ms="17919">
      <class name="vendorTestcaseExecution.vendorcontractlistExecutionclass">
        <test-method is-config="true" signature="setup()[pri:0, instance:vendorTestcaseExecution.vendorcontractlistExecutionclass@74e52303]" started-at="2025-10-31T17:16:00 IST" name="setup" finished-at="2025-10-31T17:16:12 IST" duration-ms="11653" status="PASS">
          <reporter-output>
          </reporter-output>
        </test-method> <!-- setup -->
        <test-method signature="contractlistpage()[pri:0, instance:vendorTestcaseExecution.vendorcontractlistExecutionclass@74e52303]" started-at="2025-10-31T17:16:12 IST" name="contractlistpage" finished-at="2025-10-31T17:16:18 IST" duration-ms="6128" status="PASS">
          <reporter-output>
          </reporter-output>
        </test-method> <!-- contractlistpage -->
        <test-method is-config="true" signature="tear(org.testng.ITestResult)[pri:0, instance:vendorTestcaseExecution.vendorcontractlistExecutionclass@74e52303]" started-at="2025-10-31T17:16:18 IST" name="tear" finished-at="2025-10-31T17:16:18 IST" duration-ms="91" status="PASS">
          <params>
            <param index="0">
              <value>
                <![CDATA[[TestResult name=contractlistpage status=SUCCESS method=vendorcontractlistExecutionclass.contractlistpage()[pri:0, instance:vendorTestcaseExecution.vendorcontractlistExecutionclass@74e52303] output={null}]]]>
              </value>
            </param>
          </params>
          <reporter-output>
          </reporter-output>
        </test-method> <!-- tear -->
      </class> <!-- vendorTestcaseExecution.vendorcontractlistExecutionclass -->
    </test> <!-- Default test -->
  </suite> <!-- Default suite -->
</testng-results>
