<?xml version="1.0" encoding="UTF-8"?>
<!-- Generated by org.testng.reporters.JUnitReportReporter -->
<testsuite hostname="DESKTOP-CVGL8I0" failures="0" tests="1" name="vendorTestcaseExecution.vendorcontractlistExecutionclass" time="21.790" errors="0" timestamp="2025-10-31T22:36:50 IST" skipped="0">
  <testcase classname="vendorTestcaseExecution.vendorcontractlistExecutionclass" name="contractlistpage" time="21.790"/>
</testsuite> <!-- vendorTestcaseExecution.vendorcontractlistExecutionclass -->
