<?xml version="1.0" encoding="UTF-8"?>
<!-- Generated by org.testng.reporters.JUnitReportReporter -->
<testsuite hostname="Active34" failures="0" tests="1" name="vendorTestcaseExecution.vendoruploadQAreportExecutionclass" time="38.665" errors="0" timestamp="2025-12-22T14:17:43 IST" skipped="0">
  <testcase classname="vendorTestcaseExecution.vendoruploadQAreportExecutionclass" name="QAreportuploadpage" time="38.665"/>
</testsuite> <!-- vendorTestcaseExecution.vendoruploadQAreportExecutionclass -->
