<?xml version="1.0" encoding="UTF-8"?>
<!-- Generated by org.testng.reporters.JUnitReportReporter -->
<testsuite hostname="Active34" failures="0" tests="1" name="vendorTestcaseExecution.vendorcreatebusinessprofileExecutionclass" time="142.578" errors="0" timestamp="2025-12-23T10:52:13 IST" skipped="0">
  <testcase classname="vendorTestcaseExecution.vendorcreatebusinessprofileExecutionclass" name="TradercreatebusinessprofileExecutionclass" time="142.578"/>
</testsuite> <!-- vendorTestcaseExecution.vendorcreatebusinessprofileExecutionclass -->
