<?xml version="1.0" encoding="UTF-8"?>
<!-- Generated by org.testng.reporters.JUnitReportReporter -->
<testsuite hostname="Active34" failures="0" tests="1" name="vendorTestcaseExecution.vendorBusinessaccountExecutionclass" time="79.071" errors="0" timestamp="2025-11-12T10:56:05 IST" skipped="0">
  <testcase classname="vendorTestcaseExecution.vendorBusinessaccountExecutionclass" name="createbusinessaccountpage" time="79.071"/>
</testsuite> <!-- vendorTestcaseExecution.vendorBusinessaccountExecutionclass -->
