<?xml version="1.0" encoding="UTF-8"?>
<!-- Generated by org.testng.reporters.JUnitReportReporter -->
<testsuite hostname="Active34" failures="0" tests="1" name="vendorTestcaseExecution.vendorcreatebusinessprofileExecutionclass" time="129.090" errors="0" timestamp="2025-11-12T10:42:31 IST" skipped="0">
  <testcase classname="vendorTestcaseExecution.vendorcreatebusinessprofileExecutionclass" name="TradercreatebusinessprofileExecutionclass" time="129.090"/>
</testsuite> <!-- vendorTestcaseExecution.vendorcreatebusinessprofileExecutionclass -->
