<?xml version="1.0" encoding="UTF-8"?>
<!-- Generated by org.testng.reporters.JUnitReportReporter -->
<testsuite hostname="DESKTOP-CVGL8I0" failures="0" tests="1" name="vendorTestcaseExecution.vendorQAreportlistExecutionclass" time="13.962" errors="0" timestamp="2025-11-01T15:44:58 IST" skipped="0">
  <testcase classname="vendorTestcaseExecution.vendorQAreportlistExecutionclass" name="vendorQAreportlistpage" time="13.962"/>
</testsuite> <!-- vendorTestcaseExecution.vendorQAreportlistExecutionclass -->
