<?xml version="1.0" encoding="UTF-8"?>
<!-- Generated by org.testng.reporters.JUnitReportReporter -->
<testsuite hostname="DESKTOP-CVGL8I0" failures="0" tests="1" name="vendorTestcaseExecution.vendoruploadQAreportExecutionclass" time="20.205" errors="0" timestamp="2025-11-01T01:45:26 IST" skipped="0">
  <testcase classname="vendorTestcaseExecution.vendoruploadQAreportExecutionclass" name="QAreportuploadpage" time="20.205"/>
</testsuite> <!-- vendorTestcaseExecution.vendoruploadQAreportExecutionclass -->
